2023-10-24 00:08:56.134 26596-26596 XXXXX                   com.example.calculator_2             D  Виведення результату
2023-10-24 00:08:56.134 26596-26596 XXXXX                   com.example.calculator_2             D  нажато seven
2023-10-24 00:08:56.238 26596-26596 XXXXX                   com.example.calculator_2             D  Виведення результату
2023-10-24 00:08:56.239 26596-26596 XXXXX                   com.example.calculator_2             D  нажато eight
2023-10-24 00:08:57.516 26596-26596 XXXXX                   com.example.calculator_2             D  нажато subtract
2023-10-24 00:08:58.069 26596-26596 XXXXX                   com.example.calculator_2             D  Виведення результату
2023-10-24 00:08:58.069 26596-26596 XXXXX                   com.example.calculator_2             D  нажато three
2023-10-24 00:08:59.392 26596-26596 XXXXX                   com.example.calculator_2             D  нажато M+
2023-10-24 00:09:00.761 26596-26596 XXXXX                   com.example.calculator_2             D  Виведення результату
2023-10-24 00:09:02.004 26596-26596 XXXXX                   com.example.calculator_2             D  нажато M+
2023-10-24 00:09:03.740 26596-26596 XXXXX                   com.example.calculator_2             D  Виведення результату
2023-10-24 00:09:03.745 26596-26596 XXXXX                   com.example.calculator_2             D  нажато MR
2023-10-24 00:09:05.040 26596-26596 XXXXX                   com.example.calculator_2             D  нажато multiply
2023-10-24 00:09:05.826 26596-26596 XXXXX                   com.example.calculator_2             D  Виведення результату
2023-10-24 00:09:05.826 26596-26596 XXXXX                   com.example.calculator_2             D  нажато five
2023-10-24 00:09:09.763 26596-26596 XXXXX                   com.example.calculator_2             D  нажато MC
2023-10-24 00:09:12.147 26596-26596 XXXXX                   com.example.calculator_2             D  нажато M-
2023-10-24 00:09:13.296 26596-26596 XXXXX                   com.example.calculator_2             D  Виведення результату
2023-10-24 00:09:14.419 26596-26596 XXXXX                   com.example.calculator_2             D  Виведення результату
2023-10-24 00:09:14.420 26596-26596 XXXXX                   com.example.calculator_2             D  нажато four
2023-10-24 00:09:15.671 26596-26596 XXXXX                   com.example.calculator_2             D  нажато add
2023-10-24 00:09:17.209 26596-26596 XXXXX                   com.example.calculator_2             D  Виведення результату
2023-10-24 00:09:17.214 26596-26596 XXXXX                   com.example.calculator_2             D  нажато MR
2023-10-24 00:09:21.063 26596-26596 XXXXX                   com.example.calculator_2             D  Виведення результату
2023-10-24 00:09:22.386 26596-26596 XXXXX                   com.example.calculator_2             D  Виведення результату
2023-10-24 00:09:22.386 26596-26596 XXXXX                   com.example.calculator_2             D  нажато four
2023-10-24 00:09:23.259 26596-26596 XXXXX                   com.example.calculator_2             D  нажато divide
2023-10-24 00:09:24.029 26596-26596 XXXXX                   com.example.calculator_2             E  ділення на ноль
2023-10-24 00:09:24.066 26596-26596 XXXXX                   com.example.calculator_2             E  Виведення помилки
2023-10-24 00:09:24.067 26596-26596 XXXXX                   com.example.calculator_2             D  нажато zero
2023-10-24 00:09:25.491 26596-26596 XXXXX                   com.example.calculator_2             E  Виведення помилки
2023-10-24 00:09:26.654 26596-26596 XXXXX                   com.example.calculator_2             D  Виведення результату
2023-10-24 00:09:26.654 26596-26596 XXXXX                   com.example.calculator_2             D  нажато six
2023-10-24 00:09:27.197 26596-26596 XXXXX                   com.example.calculator_2             D  нажато add
2023-10-24 00:09:27.769 26596-26596 XXXXX                   com.example.calculator_2             D  Виведення результату
2023-10-24 00:09:27.770 26596-26596 XXXXX                   com.example.calculator_2             D  нажато five
2023-10-24 00:09:28.313 26596-26596 XXXXX                   com.example.calculator_2             D  нажато add
2023-10-24 00:09:28.812 26596-26596 XXXXX                   com.example.calculator_2             D  Виведення результату
2023-10-24 00:09:28.813 26596-26596 XXXXX                   com.example.calculator_2             D  нажато two
2023-10-24 00:09:29.293 26596-26596 XXXXX                   com.example.calculator_2             D  Виведення результату
2023-10-24 00:09:29.293 26596-26596 XXXXX                   com.example.calculator_2             D  нажато three
2023-10-24 00:09:29.894 26596-26596 XXXXX                   com.example.calculator_2             D  нажато subtract
2023-10-24 00:09:30.387 26596-26596 XXXXX                   com.example.calculator_2             D  Виведення результату
2023-10-24 00:09:30.388 26596-26596 XXXXX                   com.example.calculator_2             D  нажато one
2023-10-24 00:09:31.014 26596-26596 XXXXX                   com.example.calculator_2             D  Виведення результату
2023-10-24 00:09:31.014 26596-26596 XXXXX                   com.example.calculator_2             D  нажато two
2023-10-24 00:09:31.763 26596-26596 XXXXX                   com.example.calculator_2             D  нажато dot
2023-10-24 00:09:32.446 26596-26596 XXXXX                   com.example.calculator_2             D  Виведення результату
2023-10-24 00:09:32.446 26596-26596 XXXXX                   com.example.calculator_2             D  нажато three
2023-10-24 00:09:32.753 26596-26596 XXXXX                   com.example.calculator_2             D  Виведення результату
2023-10-24 00:09:32.753 26596-26596 XXXXX                   com.example.calculator_2             D  нажато five
2023-10-24 00:09:33.315 26596-26596 XXXXX                   com.example.calculator_2             D  Виведення результату
2023-10-24 00:09:33.315 26596-26596 XXXXX                   com.example.calculator_2             D  нажато doubleZero
2023-10-24 00:09:35.625 26596-26596 XXXXX                   com.example.calculator_2             D  нажато divide
2023-10-24 00:09:36.114 26596-26596 XXXXX                   com.example.calculator_2             D  Виведення результату
2023-10-24 00:09:36.115 26596-26596 XXXXX                   com.example.calculator_2             D  нажато eight
2023-10-24 00:09:36.649 26596-26596 XXXXX                   com.example.calculator_2             D  Виведення результату
2023-10-24 00:09:36.650 26596-26596 XXXXX                   com.example.calculator_2             D  нажато nine
2023-10-24 00:09:38.800 26596-26596 XXXXX                   com.example.calculator_2             D  Виведення результату
2023-10-24 00:09:40.174 26596-26596 XXXXX                   com.example.calculator_2             D  Виведення результату
2023-10-24 00:09:40.174 26596-26596 XXXXX                   com.example.calculator_2             D  нажато four
2023-10-24 00:09:41.222 26596-26596 XXXXX                   com.example.calculator_2             D  нажато subtract
2023-10-24 00:09:42.524 26596-26596 XXXXX                   com.example.calculator_2             E  не відповідає жодному типу даних
2023-10-24 00:09:42.556 26596-26596 XXXXX                   com.example.calculator_2             E  Виведення помилки
2023-10-24 00:09:42.556 26596-26596 XXXXX                   com.example.calculator_2             D  нажато doubleZero
2023-10-24 00:09:45.191 26596-26596 XXXXX                   com.example.calculator_2             E  Виведення помилки
2023-10-24 00:09:46.343 26596-26596 XXXXX                   com.example.calculator_2             D  Виведення результату
2023-10-24 00:09:46.345 26596-26596 XXXXX                   com.example.calculator_2             D  нажато four
2023-10-24 00:09:47.293 26596-26596 XXXXX                   com.example.calculator_2             D  нажато multiply
2023-10-24 00:09:47.705 26596-26596 XXXXX                   com.example.calculator_2             D  Виведення результату
2023-10-24 00:09:47.705 26596-26596 XXXXX                   com.example.calculator_2             D  нажато nine
2023-10-24 00:09:49.007 26596-26596 XXXXX                   com.example.calculator_2             D  Виведення результату
